Determining if the pthread_create exist failed with the following output:
Change Dir: /home/duwenwen/Workspace/PCAT_open_source/src/cmake-build-debug/CMakeFiles/CMakeTmp

Run Build Command(s):/usr/bin/make cmTC_e3d11/fast 
/usr/bin/make -f CMakeFiles/cmTC_e3d11.dir/build.make CMakeFiles/cmTC_e3d11.dir/build
make[1]: Entering directory '/home/duwenwen/Workspace/PCAT_open_source/src/cmake-build-debug/CMakeFiles/CMakeTmp'
Building C object CMakeFiles/cmTC_e3d11.dir/CheckSymbolExists.c.o
/usr/bin/cc    -o CMakeFiles/cmTC_e3d11.dir/CheckSymbolExists.c.o   -c /home/duwenwen/Workspace/PCAT_open_source/src/cmake-build-debug/CMakeFiles/CMakeTmp/CheckSymbolExists.c
Linking C executable cmTC_e3d11
/home/duwenwen/src/clion-2019.2/bin/cmake/linux/bin/cmake -E cmake_link_script CMakeFiles/cmTC_e3d11.dir/link.txt --verbose=1
/usr/bin/cc      -rdynamic CMakeFiles/cmTC_e3d11.dir/CheckSymbolExists.c.o  -o cmTC_e3d11 
CMakeFiles/cmTC_e3d11.dir/CheckSymbolExists.c.o: In function `main':
CheckSymbolExists.c:(.text+0x16): undefined reference to `pthread_create'
collect2: error: ld returned 1 exit status
CMakeFiles/cmTC_e3d11.dir/build.make:86: recipe for target 'cmTC_e3d11' failed
make[1]: *** [cmTC_e3d11] Error 1
make[1]: Leaving directory '/home/duwenwen/Workspace/PCAT_open_source/src/cmake-build-debug/CMakeFiles/CMakeTmp'
Makefile:121: recipe for target 'cmTC_e3d11/fast' failed
make: *** [cmTC_e3d11/fast] Error 2

File /home/duwenwen/Workspace/PCAT_open_source/src/cmake-build-debug/CMakeFiles/CMakeTmp/CheckSymbolExists.c:
/* */
#include <pthread.h>

int main(int argc, char** argv)
{
  (void)argv;
#ifndef pthread_create
  return ((int*)(&pthread_create))[argc];
#else
  (void)argc;
  return 0;
#endif
}

Determining if the function pthread_create exists in the pthreads failed with the following output:
Change Dir: /home/duwenwen/Workspace/PCAT_open_source/src/cmake-build-debug/CMakeFiles/CMakeTmp

Run Build Command(s):/usr/bin/make cmTC_ea77c/fast 
/usr/bin/make -f CMakeFiles/cmTC_ea77c.dir/build.make CMakeFiles/cmTC_ea77c.dir/build
make[1]: Entering directory '/home/duwenwen/Workspace/PCAT_open_source/src/cmake-build-debug/CMakeFiles/CMakeTmp'
Building C object CMakeFiles/cmTC_ea77c.dir/CheckFunctionExists.c.o
/usr/bin/cc   -DCHECK_FUNCTION_EXISTS=pthread_create   -o CMakeFiles/cmTC_ea77c.dir/CheckFunctionExists.c.o   -c /home/duwenwen/src/clion-2019.2/bin/cmake/linux/share/cmake-3.14/Modules/CheckFunctionExists.c
Linking C executable cmTC_ea77c
/home/duwenwen/src/clion-2019.2/bin/cmake/linux/bin/cmake -E cmake_link_script CMakeFiles/cmTC_ea77c.dir/link.txt --verbose=1
/usr/bin/cc  -DCHECK_FUNCTION_EXISTS=pthread_create    -rdynamic CMakeFiles/cmTC_ea77c.dir/CheckFunctionExists.c.o  -o cmTC_ea77c -lpthreads 
/usr/bin/ld: cannot find -lpthreads
collect2: error: ld returned 1 exit status
CMakeFiles/cmTC_ea77c.dir/build.make:86: recipe for target 'cmTC_ea77c' failed
make[1]: *** [cmTC_ea77c] Error 1
make[1]: Leaving directory '/home/duwenwen/Workspace/PCAT_open_source/src/cmake-build-debug/CMakeFiles/CMakeTmp'
Makefile:121: recipe for target 'cmTC_ea77c/fast' failed
make: *** [cmTC_ea77c/fast] Error 2


